# JRE version: OpenJDK Runtime Environment Temurin-21.0.6+7 (21.0.6+7) (build 21.0.6+7-LTS)
# Java VM: OpenJDK 64-Bit Server VM Temurin-21.0.6+7 (21.0.6+7-LTS, mixed mode, sharing, tiered, compressed oops, compressed class ptrs, parallel gc, windows-amd64)
GC Precious Log:
 CardTable entry size: 512
 CPUs: 24 total, 24 available
 Memory: 16103M
 Large Page Support: Disabled
 NUMA Support: Disabled
 Compressed Oops: Enabled (32-bit)
 Alignments: Space 512K, Generation 512K, Heap 2M
 Heap Min Capacity: 100M
 Heap Initial Capacity: 100M
 Heap Max Capacity: 1G
 Pre-touch: Disabled
 Parallel Workers: 18
Heap:
 PSYoungGen      total 25600K, used 23584K [0x00000000eab00000, 0x00000000ecc80000, 0x0000000100000000)
  eden space 22016K, 90% used [0x00000000eab00000,0x00000000ebe8b6e0,0x00000000ec080000)
  from space 3584K, 99% used [0x00000000ec080000,0x00000000ec3fcc50,0x00000000ec400000)
  to   space 6144K, 0% used [0x00000000ec680000,0x00000000ec680000,0x00000000ecc80000)
 ParOldGen       total 68608K, used 35306K [0x00000000c0000000, 0x00000000c4300000, 0x00000000eab00000)
  object space 68608K, 51% used [0x00000000c0000000,0x00000000c227a850,0x00000000c4300000)
 Metaspace       used 45857K, committed 46848K, reserved 1114112K
  class space    used 4334K, committed 4800K, reserved 1048576K
GC Heap History (20 events):
Event: 3.654 GC heap before
{Heap before GC invocations=16 (full 1):
 PSYoungGen      total 24576K, used 24411K [0x00000000eab00000, 0x00000000ec900000, 0x0000000100000000)
  eden space 22016K, 100% used [0x00000000eab00000,0x00000000ec080000,0x00000000ec080000)
  from space 2560K, 93% used [0x00000000ec680000,0x00000000ec8d6e08,0x00000000ec900000)
  to   space 3584K, 0% used [0x00000000ec200000,0x00000000ec200000,0x00000000ec580000)
 ParOldGen       total 68608K, used 25638K [0x00000000c0000000, 0x00000000c4300000, 0x00000000eab00000)
  object space 68608K, 37% used [0x00000000c0000000,0x00000000c1909b80,0x00000000c4300000)
 Metaspace       used 34791K, committed 35712K, reserved 1114112K
  class space    used 3420K, committed 3840K, reserved 1048576K
}
Event: 3.655 GC heap after
{Heap after GC invocations=16 (full 1):
 PSYoungGen      total 24064K, used 2044K [0x00000000eab00000, 0x00000000ec700000, 0x0000000100000000)
  eden space 22016K, 0% used [0x00000000eab00000,0x00000000eab00000,0x00000000ec080000)
  from space 2048K, 99% used [0x00000000ec200000,0x00000000ec3ff350,0x00000000ec400000)
  to   space 2560K, 0% used [0x00000000ec480000,0x00000000ec480000,0x00000000ec700000)
 ParOldGen       total 68608K, used 26854K [0x00000000c0000000, 0x00000000c4300000, 0x00000000eab00000)
  object space 68608K, 39% used [0x00000000c0000000,0x00000000c1a39b80,0x00000000c4300000)
 Metaspace       used 34791K, committed 35712K, reserved 1114112K
  class space    used 3420K, committed 3840K, reserved 1048576K
}
Event: 3.676 GC heap before
{Heap before GC invocations=17 (full 1):
 PSYoungGen      total 24064K, used 24060K [0x00000000eab00000, 0x00000000ec700000, 0x0000000100000000)
  eden space 22016K, 100% used [0x00000000eab00000,0x00000000ec080000,0x00000000ec080000)
  from space 2048K, 99% used [0x00000000ec200000,0x00000000ec3ff350,0x00000000ec400000)
  to   space 2560K, 0% used [0x00000000ec480000,0x00000000ec480000,0x00000000ec700000)
 ParOldGen       total 68608K, used 26854K [0x00000000c0000000, 0x00000000c4300000, 0x00000000eab00000)
  object space 68608K, 39% used [0x00000000c0000000,0x00000000c1a39b80,0x00000000c4300000)
 Metaspace       used 34963K, committed 35840K, reserved 1114112K
  class space    used 3420K, committed 3840K, reserved 1048576K
}
Event: 3.678 GC heap after
{Heap after GC invocations=17 (full 1):
 PSYoungGen      total 23552K, used 1248K [0x00000000eab00000, 0x00000000ec600000, 0x0000000100000000)
  eden space 22016K, 0% used [0x00000000eab00000,0x00000000eab00000,0x00000000ec080000)
  from space 1536K, 81% used [0x00000000ec480000,0x00000000ec5b8010,0x00000000ec600000)
  to   space 2048K, 0% used [0x00000000ec200000,0x00000000ec200000,0x00000000ec400000)
 ParOldGen       total 68608K, used 28022K [0x00000000c0000000, 0x00000000c4300000, 0x00000000eab00000)
  object space 68608K, 40% used [0x00000000c0000000,0x00000000c1b5db80,0x00000000c4300000)
 Metaspace       used 34963K, committed 35840K, reserved 1114112K
  class space    used 3420K, committed 3840K, reserved 1048576K
}
Event: 3.678 GC heap before
{Heap before GC invocations=18 (full 1):
 PSYoungGen      total 23552K, used 1492K [0x00000000eab00000, 0x00000000ec600000, 0x0000000100000000)
  eden space 22016K, 1% used [0x00000000eab00000,0x00000000eab3d110,0x00000000ec080000)
  from space 1536K, 81% used [0x00000000ec480000,0x00000000ec5b8010,0x00000000ec600000)
  to   space 2048K, 0% used [0x00000000ec200000,0x00000000ec200000,0x00000000ec400000)
 ParOldGen       total 68608K, used 28022K [0x00000000c0000000, 0x00000000c4300000, 0x00000000eab00000)
  object space 68608K, 40% used [0x00000000c0000000,0x00000000c1b5db80,0x00000000c4300000)
 Metaspace       used 34963K, committed 35840K, reserved 1114112K
  class space    used 3420K, committed 3840K, reserved 1048576K
}
Event: 3.679 GC heap after
{Heap after GC invocations=18 (full 1):
 PSYoungGen      total 24064K, used 64K [0x00000000eab00000, 0x00000000ec500000, 0x0000000100000000)
  eden space 22016K, 0% used [0x00000000eab00000,0x00000000eab00000,0x00000000ec080000)
  from space 2048K, 3% used [0x00000000ec200000,0x00000000ec210000,0x00000000ec400000)
  to   space 1024K, 0% used [0x00000000ec400000,0x00000000ec400000,0x00000000ec500000)
 ParOldGen       total 68608K, used 29094K [0x00000000c0000000, 0x00000000c4300000, 0x00000000eab00000)
  object space 68608K, 42% used [0x00000000c0000000,0x00000000c1c69b90,0x00000000c4300000)
 Metaspace       used 34963K, committed 35840K, reserved 1114112K
  class space    used 3420K, committed 3840K, reserved 1048576K
}
Event: 3.679 GC heap before
{Heap before GC invocations=19 (full 2):
 PSYoungGen      total 24064K, used 64K [0x00000000eab00000, 0x00000000ec500000, 0x0000000100000000)
  eden space 22016K, 0% used [0x00000000eab00000,0x00000000eab00000,0x00000000ec080000)
  from space 2048K, 3% used [0x00000000ec200000,0x00000000ec210000,0x00000000ec400000)
  to   space 1024K, 0% used [0x00000000ec400000,0x00000000ec400000,0x00000000ec500000)
 ParOldGen       total 68608K, used 29094K [0x00000000c0000000, 0x00000000c4300000, 0x00000000eab00000)
  object space 68608K, 42% used [0x00000000c0000000,0x00000000c1c69b90,0x00000000c4300000)
 Metaspace       used 34963K, committed 35840K, reserved 1114112K
  class space    used 3420K, committed 3840K, reserved 1048576K
}
Event: 3.703 GC heap after
{Heap after GC invocations=19 (full 2):
 PSYoungGen      total 24064K, used 0K [0x00000000eab00000, 0x00000000ec500000, 0x0000000100000000)
  eden space 22016K, 0% used [0x00000000eab00000,0x00000000eab00000,0x00000000ec080000)
  from space 2048K, 0% used [0x00000000ec200000,0x00000000ec200000,0x00000000ec400000)
  to   space 1024K, 0% used [0x00000000ec400000,0x00000000ec400000,0x00000000ec500000)
 ParOldGen       total 68608K, used 26072K [0x00000000c0000000, 0x00000000c4300000, 0x00000000eab00000)
  object space 68608K, 38% used [0x00000000c0000000,0x00000000c1976300,0x00000000c4300000)
 Metaspace       used 34963K, committed 35840K, reserved 1114112K
  class space    used 3420K, committed 3840K, reserved 1048576K
}
Event: 3.734 GC heap before
{Heap before GC invocations=20 (full 2):
 PSYoungGen      total 24064K, used 22016K [0x00000000eab00000, 0x00000000ec500000, 0x0000000100000000)
  eden space 22016K, 100% used [0x00000000eab00000,0x00000000ec080000,0x00000000ec080000)
  from space 2048K, 0% used [0x00000000ec200000,0x00000000ec200000,0x00000000ec400000)
  to   space 1024K, 0% used [0x00000000ec400000,0x00000000ec400000,0x00000000ec500000)
 ParOldGen       total 68608K, used 26072K [0x00000000c0000000, 0x00000000c4300000, 0x00000000eab00000)
  object space 68608K, 38% used [0x00000000c0000000,0x00000000c1976300,0x00000000c4300000)
 Metaspace       used 35587K, committed 36480K, reserved 1114112K
  class space    used 3492K, committed 3904K, reserved 1048576K
}
Event: 3.735 GC heap after
{Heap after GC invocations=20 (full 2):
 PSYoungGen      total 23040K, used 1024K [0x00000000eab00000, 0x00000000ec580000, 0x0000000100000000)
  eden space 22016K, 0% used [0x00000000eab00000,0x00000000eab00000,0x00000000ec080000)
  from space 1024K, 100% used [0x00000000ec400000,0x00000000ec500000,0x00000000ec500000)
  to   space 2560K, 0% used [0x00000000ec080000,0x00000000ec080000,0x00000000ec300000)
 ParOldGen       total 68608K, used 26893K [0x00000000c0000000, 0x00000000c4300000, 0x00000000eab00000)
  object space 68608K, 39% used [0x00000000c0000000,0x00000000c1a43658,0x00000000c4300000)
 Metaspace       used 35587K, committed 36480K, reserved 1114112K
  class space    used 3492K, committed 3904K, reserved 1048576K
}
Event: 3.912 GC heap before
{Heap before GC invocations=21 (full 2):
 PSYoungGen      total 23040K, used 23039K [0x00000000eab00000, 0x00000000ec580000, 0x0000000100000000)
  eden space 22016K, 99% used [0x00000000eab00000,0x00000000ec07fff8,0x00000000ec080000)
  from space 1024K, 100% used [0x00000000ec400000,0x00000000ec500000,0x00000000ec500000)
  to   space 2560K, 0% used [0x00000000ec080000,0x00000000ec080000,0x00000000ec300000)
 ParOldGen       total 68608K, used 26893K [0x00000000c0000000, 0x00000000c4300000, 0x00000000eab00000)
  object space 68608K, 39% used [0x00000000c0000000,0x00000000c1a43658,0x00000000c4300000)
 Metaspace       used 37085K, committed 38016K, reserved 1114112K
  class space    used 3612K, committed 4032K, reserved 1048576K
}
Event: 3.914 GC heap after
{Heap after GC invocations=21 (full 2):
 PSYoungGen      total 24576K, used 2536K [0x00000000eab00000, 0x00000000ecb80000, 0x0000000100000000)
  eden space 22016K, 0% used [0x00000000eab00000,0x00000000eab00000,0x00000000ec080000)
  from space 2560K, 99% used [0x00000000ec080000,0x00000000ec2fa010,0x00000000ec300000)
  to   space 5632K, 0% used [0x00000000ec600000,0x00000000ec600000,0x00000000ecb80000)
 ParOldGen       total 68608K, used 29110K [0x00000000c0000000, 0x00000000c4300000, 0x00000000eab00000)
  object space 68608K, 42% used [0x00000000c0000000,0x00000000c1c6d948,0x00000000c4300000)
 Metaspace       used 37085K, committed 38016K, reserved 1114112K
  class space    used 3612K, committed 4032K, reserved 1048576K
}
Event: 4.216 GC heap before
{Heap before GC invocations=22 (full 2):
 PSYoungGen      total 24576K, used 24552K [0x00000000eab00000, 0x00000000ecb80000, 0x0000000100000000)
  eden space 22016K, 100% used [0x00000000eab00000,0x00000000ec080000,0x00000000ec080000)
  from space 2560K, 99% used [0x00000000ec080000,0x00000000ec2fa010,0x00000000ec300000)
  to   space 5632K, 0% used [0x00000000ec600000,0x00000000ec600000,0x00000000ecb80000)
 ParOldGen       total 68608K, used 29110K [0x00000000c0000000, 0x00000000c4300000, 0x00000000eab00000)
  object space 68608K, 42% used [0x00000000c0000000,0x00000000c1c6d948,0x00000000c4300000)
 Metaspace       used 38937K, committed 39808K, reserved 1114112K
  class space    used 3751K, committed 4160K, reserved 1048576K
}
Event: 4.218 GC heap after
{Heap after GC invocations=22 (full 2):
 PSYoungGen      total 23040K, used 896K [0x00000000eab00000, 0x00000000ec700000, 0x0000000100000000)
  eden space 22016K, 0% used [0x00000000eab00000,0x00000000eab00000,0x00000000ec080000)
  from space 1024K, 87% used [0x00000000ec600000,0x00000000ec6e0000,0x00000000ec700000)
  to   space 2560K, 0% used [0x00000000ec200000,0x00000000ec200000,0x00000000ec480000)
 ParOldGen       total 68608K, used 31542K [0x00000000c0000000, 0x00000000c4300000, 0x00000000eab00000)
  object space 68608K, 45% used [0x00000000c0000000,0x00000000c1ecdbe8,0x00000000c4300000)
 Metaspace       used 38937K, committed 39808K, reserved 1114112K
  class space    used 3751K, committed 4160K, reserved 1048576K
}
Event: 4.530 GC heap before
{Heap before GC invocations=23 (full 2):
 PSYoungGen      total 23040K, used 22912K [0x00000000eab00000, 0x00000000ec700000, 0x0000000100000000)
  eden space 22016K, 100% used [0x00000000eab00000,0x00000000ec080000,0x00000000ec080000)
  from space 1024K, 87% used [0x00000000ec600000,0x00000000ec6e0000,0x00000000ec700000)
  to   space 2560K, 0% used [0x00000000ec200000,0x00000000ec200000,0x00000000ec480000)
 ParOldGen       total 68608K, used 31542K [0x00000000c0000000, 0x00000000c4300000, 0x00000000eab00000)
  object space 68608K, 45% used [0x00000000c0000000,0x00000000c1ecdbe8,0x00000000c4300000)
 Metaspace       used 41049K, committed 41984K, reserved 1114112K
  class space    used 4001K, committed 4416K, reserved 1048576K
}
Event: 4.532 GC heap after
{Heap after GC invocations=23 (full 2):
 PSYoungGen      total 24576K, used 1024K [0x00000000eab00000, 0x00000000ec680000, 0x0000000100000000)
  eden space 22016K, 0% used [0x00000000eab00000,0x00000000eab00000,0x00000000ec080000)
  from space 2560K, 40% used [0x00000000ec200000,0x00000000ec300000,0x00000000ec480000)
  to   space 1536K, 0% used [0x00000000ec500000,0x00000000ec500000,0x00000000ec680000)
 ParOldGen       total 68608K, used 32126K [0x00000000c0000000, 0x00000000c4300000, 0x00000000eab00000)
  object space 68608K, 46% used [0x00000000c0000000,0x00000000c1f5fbe8,0x00000000c4300000)
 Metaspace       used 41049K, committed 41984K, reserved 1114112K
  class space    used 4001K, committed 4416K, reserved 1048576K
}
Event: 4.820 GC heap before
{Heap before GC invocations=24 (full 2):
 PSYoungGen      total 24576K, used 23040K [0x00000000eab00000, 0x00000000ec680000, 0x0000000100000000)
  eden space 22016K, 100% used [0x00000000eab00000,0x00000000ec080000,0x00000000ec080000)
  from space 2560K, 40% used [0x00000000ec200000,0x00000000ec300000,0x00000000ec480000)
  to   space 1536K, 0% used [0x00000000ec500000,0x00000000ec500000,0x00000000ec680000)
 ParOldGen       total 68608K, used 32126K [0x00000000c0000000, 0x00000000c4300000, 0x00000000eab00000)
  object space 68608K, 46% used [0x00000000c0000000,0x00000000c1f5fbe8,0x00000000c4300000)
 Metaspace       used 42671K, committed 43648K, reserved 1114112K
  class space    used 4137K, committed 4608K, reserved 1048576K
}
Event: 4.821 GC heap after
{Heap after GC invocations=24 (full 2):
 PSYoungGen      total 23552K, used 1526K [0x00000000eab00000, 0x00000000ec780000, 0x0000000100000000)
  eden space 22016K, 0% used [0x00000000eab00000,0x00000000eab00000,0x00000000ec080000)
  from space 1536K, 99% used [0x00000000ec500000,0x00000000ec67da28,0x00000000ec680000)
  to   space 3584K, 0% used [0x00000000ec080000,0x00000000ec080000,0x00000000ec400000)
 ParOldGen       total 68608K, used 33426K [0x00000000c0000000, 0x00000000c4300000, 0x00000000eab00000)
  object space 68608K, 48% used [0x00000000c0000000,0x00000000c20a4800,0x00000000c4300000)
 Metaspace       used 42671K, committed 43648K, reserved 1114112K
  class space    used 4137K, committed 4608K, reserved 1048576K
}
Event: 5.100 GC heap before
{Heap before GC invocations=25 (full 2):
 PSYoungGen      total 23552K, used 23542K [0x00000000eab00000, 0x00000000ec780000, 0x0000000100000000)
  eden space 22016K, 100% used [0x00000000eab00000,0x00000000ec080000,0x00000000ec080000)
  from space 1536K, 99% used [0x00000000ec500000,0x00000000ec67da28,0x00000000ec680000)
  to   space 3584K, 0% used [0x00000000ec080000,0x00000000ec080000,0x00000000ec400000)
 ParOldGen       total 68608K, used 33426K [0x00000000c0000000, 0x00000000c4300000, 0x00000000eab00000)
  object space 68608K, 48% used [0x00000000c0000000,0x00000000c20a4800,0x00000000c4300000)
 Metaspace       used 44292K, committed 45312K, reserved 1114112K
  class space    used 4268K, committed 4736K, reserved 1048576K
}
Event: 5.103 GC heap after
{Heap after GC invocations=25 (full 2):
 PSYoungGen      total 25600K, used 3571K [0x00000000eab00000, 0x00000000ecc80000, 0x0000000100000000)
  eden space 22016K, 0% used [0x00000000eab00000,0x00000000eab00000,0x00000000ec080000)
  from space 3584K, 99% used [0x00000000ec080000,0x00000000ec3fcc50,0x00000000ec400000)
  to   space 6144K, 0% used [0x00000000ec680000,0x00000000ec680000,0x00000000ecc80000)
 ParOldGen       total 68608K, used 35306K [0x00000000c0000000, 0x00000000c4300000, 0x00000000eab00000)
  object space 68608K, 51% used [0x00000000c0000000,0x00000000c227a850,0x00000000c4300000)
 Metaspace       used 44292K, committed 45312K, reserved 1114112K
  class space    used 4268K, committed 4736K, reserved 1048576K
}

