# JRE version: OpenJDK Runtime Environment Temurin-21.0.6+7 (21.0.6+7) (build 21.0.6+7-LTS)
# Java VM: OpenJDK 64-Bit Server VM Temurin-21.0.6+7 (21.0.6+7-LTS, mixed mode, sharing, tiered, compressed oops, compressed class ptrs, parallel gc, windows-amd64)
GC Precious Log:
 CardTable entry size: 512
 CPUs: 24 total, 24 available
 Memory: 16103M
 Large Page Support: Disabled
 NUMA Support: Disabled
 Compressed Oops: Enabled (32-bit)
 Alignments: Space 512K, Generation 512K, Heap 2M
 Heap Min Capacity: 100M
 Heap Initial Capacity: 100M
 Heap Max Capacity: 1G
 Pre-touch: Disabled
 Parallel Workers: 18
Heap:
 PSYoungGen      total 17408K, used 17389K [0x00000000eab00000, 0x00000000ec080000, 0x0000000100000000)
  eden space 13824K, 100% used [0x00000000eab00000,0x00000000eb880000,0x00000000eb880000)
  from space 3584K, 99% used [0x00000000ebd00000,0x00000000ec07b6c8,0x00000000ec080000)
  to   space 3584K, 91% used [0x00000000eb980000,0x00000000ebcb65b0,0x00000000ebd00000)
 ParOldGen       total 105984K, used 105575K [0x00000000c0000000, 0x00000000c6780000, 0x00000000eab00000)
  object space 105984K, 99% used [0x00000000c0000000,0x00000000c6719c60,0x00000000c6780000)
 Metaspace       used 61750K, committed 63104K, reserved 1114112K
  class space    used 6325K, committed 6912K, reserved 1048576K
GC Heap History (20 events):
Event: 5.776 GC heap before
{Heap before GC invocations=46 (full 3):
 PSYoungGen      total 16384K, used 16366K [0x00000000eab00000, 0x00000000ec980000, 0x0000000100000000)
  eden space 13824K, 100% used [0x00000000eab00000,0x00000000eb880000,0x00000000eb880000)
  from space 2560K, 99% used [0x00000000ec000000,0x00000000ec27baa0,0x00000000ec280000)
  to   space 7680K, 0% used [0x00000000eb880000,0x00000000eb880000,0x00000000ec000000)
 ParOldGen       total 73216K, used 73199K [0x00000000c0000000, 0x00000000c4780000, 0x00000000eab00000)
  object space 73216K, 99% used [0x00000000c0000000,0x00000000c477bcd0,0x00000000c4780000)
 Metaspace       used 61483K, committed 62848K, reserved 1114112K
  class space    used 6314K, committed 6912K, reserved 1048576K
}
Event: 5.778 GC heap after
{Heap after GC invocations=46 (full 3):
 PSYoungGen      total 17408K, used 3162K [0x00000000eab00000, 0x00000000ec180000, 0x0000000100000000)
  eden space 13824K, 0% used [0x00000000eab00000,0x00000000eab00000,0x00000000eb880000)
  from space 3584K, 88% used [0x00000000eb880000,0x00000000ebb96ad0,0x00000000ebc00000)
  to   space 4608K, 0% used [0x00000000ebd00000,0x00000000ebd00000,0x00000000ec180000)
 ParOldGen       total 75776K, used 75670K [0x00000000c0000000, 0x00000000c4a00000, 0x00000000eab00000)
  object space 75776K, 99% used [0x00000000c0000000,0x00000000c49e5918,0x00000000c4a00000)
 Metaspace       used 61483K, committed 62848K, reserved 1114112K
  class space    used 6314K, committed 6912K, reserved 1048576K
}
Event: 5.814 GC heap before
{Heap before GC invocations=47 (full 3):
 PSYoungGen      total 17408K, used 16986K [0x00000000eab00000, 0x00000000ec180000, 0x0000000100000000)
  eden space 13824K, 100% used [0x00000000eab00000,0x00000000eb880000,0x00000000eb880000)
  from space 3584K, 88% used [0x00000000eb880000,0x00000000ebb96ad0,0x00000000ebc00000)
  to   space 4608K, 0% used [0x00000000ebd00000,0x00000000ebd00000,0x00000000ec180000)
 ParOldGen       total 75776K, used 75670K [0x00000000c0000000, 0x00000000c4a00000, 0x00000000eab00000)
  object space 75776K, 99% used [0x00000000c0000000,0x00000000c49e5918,0x00000000c4a00000)
 Metaspace       used 61487K, committed 62848K, reserved 1114112K
  class space    used 6314K, committed 6912K, reserved 1048576K
}
Event: 5.817 GC heap after
{Heap after GC invocations=47 (full 3):
 PSYoungGen      total 18432K, used 4140K [0x00000000eab00000, 0x00000000ec180000, 0x0000000100000000)
  eden space 13824K, 0% used [0x00000000eab00000,0x00000000eab00000,0x00000000eb880000)
  from space 4608K, 89% used [0x00000000ebd00000,0x00000000ec10b268,0x00000000ec180000)
  to   space 4608K, 0% used [0x00000000eb880000,0x00000000eb880000,0x00000000ebd00000)
 ParOldGen       total 78848K, used 78501K [0x00000000c0000000, 0x00000000c4d00000, 0x00000000eab00000)
  object space 78848K, 99% used [0x00000000c0000000,0x00000000c4ca95a8,0x00000000c4d00000)
 Metaspace       used 61487K, committed 62848K, reserved 1114112K
  class space    used 6314K, committed 6912K, reserved 1048576K
}
Event: 5.847 GC heap before
{Heap before GC invocations=48 (full 3):
 PSYoungGen      total 18432K, used 17964K [0x00000000eab00000, 0x00000000ec180000, 0x0000000100000000)
  eden space 13824K, 100% used [0x00000000eab00000,0x00000000eb880000,0x00000000eb880000)
  from space 4608K, 89% used [0x00000000ebd00000,0x00000000ec10b268,0x00000000ec180000)
  to   space 4608K, 0% used [0x00000000eb880000,0x00000000eb880000,0x00000000ebd00000)
 ParOldGen       total 78848K, used 78501K [0x00000000c0000000, 0x00000000c4d00000, 0x00000000eab00000)
  object space 78848K, 99% used [0x00000000c0000000,0x00000000c4ca95a8,0x00000000c4d00000)
 Metaspace       used 61487K, committed 62848K, reserved 1114112K
  class space    used 6314K, committed 6912K, reserved 1048576K
}
Event: 5.849 GC heap after
{Heap after GC invocations=48 (full 3):
 PSYoungGen      total 17408K, used 3573K [0x00000000eab00000, 0x00000000ec080000, 0x0000000100000000)
  eden space 13824K, 0% used [0x00000000eab00000,0x00000000eab00000,0x00000000eb880000)
  from space 3584K, 99% used [0x00000000eb880000,0x00000000ebbfd688,0x00000000ebc00000)
  to   space 4096K, 0% used [0x00000000ebc80000,0x00000000ebc80000,0x00000000ec080000)
 ParOldGen       total 82432K, used 82221K [0x00000000c0000000, 0x00000000c5080000, 0x00000000eab00000)
  object space 82432K, 99% used [0x00000000c0000000,0x00000000c504b4d0,0x00000000c5080000)
 Metaspace       used 61487K, committed 62848K, reserved 1114112K
  class space    used 6314K, committed 6912K, reserved 1048576K
}
Event: 5.878 GC heap before
{Heap before GC invocations=49 (full 3):
 PSYoungGen      total 17408K, used 17397K [0x00000000eab00000, 0x00000000ec080000, 0x0000000100000000)
  eden space 13824K, 100% used [0x00000000eab00000,0x00000000eb880000,0x00000000eb880000)
  from space 3584K, 99% used [0x00000000eb880000,0x00000000ebbfd688,0x00000000ebc00000)
  to   space 4096K, 0% used [0x00000000ebc80000,0x00000000ebc80000,0x00000000ec080000)
 ParOldGen       total 82432K, used 82221K [0x00000000c0000000, 0x00000000c5080000, 0x00000000eab00000)
  object space 82432K, 99% used [0x00000000c0000000,0x00000000c504b4d0,0x00000000c5080000)
 Metaspace       used 61488K, committed 62848K, reserved 1114112K
  class space    used 6314K, committed 6912K, reserved 1048576K
}
Event: 5.880 GC heap after
{Heap after GC invocations=49 (full 3):
 PSYoungGen      total 17408K, used 3432K [0x00000000eab00000, 0x00000000ec000000, 0x0000000100000000)
  eden space 13824K, 0% used [0x00000000eab00000,0x00000000eab00000,0x00000000eb880000)
  from space 3584K, 95% used [0x00000000ebc80000,0x00000000ebfda040,0x00000000ec000000)
  to   space 3584K, 0% used [0x00000000eb880000,0x00000000eb880000,0x00000000ebc00000)
 ParOldGen       total 85504K, used 85449K [0x00000000c0000000, 0x00000000c5380000, 0x00000000eab00000)
  object space 85504K, 99% used [0x00000000c0000000,0x00000000c53727c0,0x00000000c5380000)
 Metaspace       used 61488K, committed 62848K, reserved 1114112K
  class space    used 6314K, committed 6912K, reserved 1048576K
}
Event: 5.910 GC heap before
{Heap before GC invocations=50 (full 3):
 PSYoungGen      total 17408K, used 17256K [0x00000000eab00000, 0x00000000ec000000, 0x0000000100000000)
  eden space 13824K, 100% used [0x00000000eab00000,0x00000000eb880000,0x00000000eb880000)
  from space 3584K, 95% used [0x00000000ebc80000,0x00000000ebfda040,0x00000000ec000000)
  to   space 3584K, 0% used [0x00000000eb880000,0x00000000eb880000,0x00000000ebc00000)
 ParOldGen       total 85504K, used 85449K [0x00000000c0000000, 0x00000000c5380000, 0x00000000eab00000)
  object space 85504K, 99% used [0x00000000c0000000,0x00000000c53727c0,0x00000000c5380000)
 Metaspace       used 61506K, committed 62912K, reserved 1114112K
  class space    used 6318K, committed 6912K, reserved 1048576K
}
Event: 5.912 GC heap after
{Heap after GC invocations=50 (full 3):
 PSYoungGen      total 17408K, used 3566K [0x00000000eab00000, 0x00000000ec780000, 0x0000000100000000)
  eden space 13824K, 0% used [0x00000000eab00000,0x00000000eab00000,0x00000000eb880000)
  from space 3584K, 99% used [0x00000000eb880000,0x00000000ebbfba70,0x00000000ebc00000)
  to   space 7680K, 0% used [0x00000000ec000000,0x00000000ec000000,0x00000000ec780000)
 ParOldGen       total 89088K, used 88674K [0x00000000c0000000, 0x00000000c5700000, 0x00000000eab00000)
  object space 89088K, 99% used [0x00000000c0000000,0x00000000c5698ad0,0x00000000c5700000)
 Metaspace       used 61506K, committed 62912K, reserved 1114112K
  class space    used 6318K, committed 6912K, reserved 1048576K
}
Event: 5.941 GC heap before
{Heap before GC invocations=51 (full 3):
 PSYoungGen      total 17408K, used 17390K [0x00000000eab00000, 0x00000000ec780000, 0x0000000100000000)
  eden space 13824K, 100% used [0x00000000eab00000,0x00000000eb880000,0x00000000eb880000)
  from space 3584K, 99% used [0x00000000eb880000,0x00000000ebbfba70,0x00000000ebc00000)
  to   space 7680K, 0% used [0x00000000ec000000,0x00000000ec000000,0x00000000ec780000)
 ParOldGen       total 89088K, used 88674K [0x00000000c0000000, 0x00000000c5700000, 0x00000000eab00000)
  object space 89088K, 99% used [0x00000000c0000000,0x00000000c5698ad0,0x00000000c5700000)
 Metaspace       used 61506K, committed 62912K, reserved 1114112K
  class space    used 6318K, committed 6912K, reserved 1048576K
}
Event: 5.944 GC heap after
{Heap after GC invocations=51 (full 3):
 PSYoungGen      total 17408K, used 3496K [0x00000000eab00000, 0x00000000ec380000, 0x0000000100000000)
  eden space 13824K, 0% used [0x00000000eab00000,0x00000000eab00000,0x00000000eb880000)
  from space 3584K, 97% used [0x00000000ec000000,0x00000000ec36a278,0x00000000ec380000)
  to   space 5120K, 0% used [0x00000000eb980000,0x00000000eb980000,0x00000000ebe80000)
 ParOldGen       total 92160K, used 92024K [0x00000000c0000000, 0x00000000c5a00000, 0x00000000eab00000)
  object space 92160K, 99% used [0x00000000c0000000,0x00000000c59de230,0x00000000c5a00000)
 Metaspace       used 61506K, committed 62912K, reserved 1114112K
  class space    used 6318K, committed 6912K, reserved 1048576K
}
Event: 5.971 GC heap before
{Heap before GC invocations=52 (full 3):
 PSYoungGen      total 17408K, used 17320K [0x00000000eab00000, 0x00000000ec380000, 0x0000000100000000)
  eden space 13824K, 100% used [0x00000000eab00000,0x00000000eb880000,0x00000000eb880000)
  from space 3584K, 97% used [0x00000000ec000000,0x00000000ec36a278,0x00000000ec380000)
  to   space 5120K, 0% used [0x00000000eb980000,0x00000000eb980000,0x00000000ebe80000)
 ParOldGen       total 92160K, used 92024K [0x00000000c0000000, 0x00000000c5a00000, 0x00000000eab00000)
  object space 92160K, 99% used [0x00000000c0000000,0x00000000c59de230,0x00000000c5a00000)
 Metaspace       used 61506K, committed 62912K, reserved 1114112K
  class space    used 6318K, committed 6912K, reserved 1048576K
}
Event: 5.973 GC heap after
{Heap after GC invocations=52 (full 3):
 PSYoungGen      total 17408K, used 3298K [0x00000000eab00000, 0x00000000ec080000, 0x0000000100000000)
  eden space 13824K, 0% used [0x00000000eab00000,0x00000000eab00000,0x00000000eb880000)
  from space 3584K, 92% used [0x00000000eb980000,0x00000000ebcb8a98,0x00000000ebd00000)
  to   space 3584K, 0% used [0x00000000ebd00000,0x00000000ebd00000,0x00000000ec080000)
 ParOldGen       total 95232K, used 95117K [0x00000000c0000000, 0x00000000c5d00000, 0x00000000eab00000)
  object space 95232K, 99% used [0x00000000c0000000,0x00000000c5ce3440,0x00000000c5d00000)
 Metaspace       used 61506K, committed 62912K, reserved 1114112K
  class space    used 6318K, committed 6912K, reserved 1048576K
}
Event: 5.999 GC heap before
{Heap before GC invocations=53 (full 3):
 PSYoungGen      total 17408K, used 17122K [0x00000000eab00000, 0x00000000ec080000, 0x0000000100000000)
  eden space 13824K, 100% used [0x00000000eab00000,0x00000000eb880000,0x00000000eb880000)
  from space 3584K, 92% used [0x00000000eb980000,0x00000000ebcb8a98,0x00000000ebd00000)
  to   space 3584K, 0% used [0x00000000ebd00000,0x00000000ebd00000,0x00000000ec080000)
 ParOldGen       total 95232K, used 95117K [0x00000000c0000000, 0x00000000c5d00000, 0x00000000eab00000)
  object space 95232K, 99% used [0x00000000c0000000,0x00000000c5ce3440,0x00000000c5d00000)
 Metaspace       used 61506K, committed 62912K, reserved 1114112K
  class space    used 6318K, committed 6912K, reserved 1048576K
}
Event: 6.000 GC heap after
{Heap after GC invocations=53 (full 3):
 PSYoungGen      total 17408K, used 3233K [0x00000000eab00000, 0x00000000ec080000, 0x0000000100000000)
  eden space 13824K, 0% used [0x00000000eab00000,0x00000000eab00000,0x00000000eb880000)
  from space 3584K, 90% used [0x00000000ebd00000,0x00000000ec028720,0x00000000ec080000)
  to   space 3584K, 0% used [0x00000000eb980000,0x00000000eb980000,0x00000000ebd00000)
 ParOldGen       total 98304K, used 98086K [0x00000000c0000000, 0x00000000c6000000, 0x00000000eab00000)
  object space 98304K, 99% used [0x00000000c0000000,0x00000000c5fc9b88,0x00000000c6000000)
 Metaspace       used 61506K, committed 62912K, reserved 1114112K
  class space    used 6318K, committed 6912K, reserved 1048576K
}
Event: 6.027 GC heap before
{Heap before GC invocations=54 (full 3):
 PSYoungGen      total 17408K, used 17057K [0x00000000eab00000, 0x00000000ec080000, 0x0000000100000000)
  eden space 13824K, 100% used [0x00000000eab00000,0x00000000eb880000,0x00000000eb880000)
  from space 3584K, 90% used [0x00000000ebd00000,0x00000000ec028720,0x00000000ec080000)
  to   space 3584K, 0% used [0x00000000eb980000,0x00000000eb980000,0x00000000ebd00000)
 ParOldGen       total 98304K, used 98086K [0x00000000c0000000, 0x00000000c6000000, 0x00000000eab00000)
  object space 98304K, 99% used [0x00000000c0000000,0x00000000c5fc9b88,0x00000000c6000000)
 Metaspace       used 61506K, committed 62912K, reserved 1114112K
  class space    used 6318K, committed 6912K, reserved 1048576K
}
Event: 6.029 GC heap after
{Heap after GC invocations=54 (full 3):
 PSYoungGen      total 17408K, used 3555K [0x00000000eab00000, 0x00000000ec080000, 0x0000000100000000)
  eden space 13824K, 0% used [0x00000000eab00000,0x00000000eab00000,0x00000000eb880000)
  from space 3584K, 99% used [0x00000000eb980000,0x00000000ebcf8d50,0x00000000ebd00000)
  to   space 3584K, 0% used [0x00000000ebd00000,0x00000000ebd00000,0x00000000ec080000)
 ParOldGen       total 101376K, used 101013K [0x00000000c0000000, 0x00000000c6300000, 0x00000000eab00000)
  object space 101376K, 99% used [0x00000000c0000000,0x00000000c62a5400,0x00000000c6300000)
 Metaspace       used 61506K, committed 62912K, reserved 1114112K
  class space    used 6318K, committed 6912K, reserved 1048576K
}
Event: 6.051 GC heap before
{Heap before GC invocations=55 (full 3):
 PSYoungGen      total 17408K, used 17379K [0x00000000eab00000, 0x00000000ec080000, 0x0000000100000000)
  eden space 13824K, 100% used [0x00000000eab00000,0x00000000eb880000,0x00000000eb880000)
  from space 3584K, 99% used [0x00000000eb980000,0x00000000ebcf8d50,0x00000000ebd00000)
  to   space 3584K, 0% used [0x00000000ebd00000,0x00000000ebd00000,0x00000000ec080000)
 ParOldGen       total 101376K, used 101013K [0x00000000c0000000, 0x00000000c6300000, 0x00000000eab00000)
  object space 101376K, 99% used [0x00000000c0000000,0x00000000c62a5400,0x00000000c6300000)
 Metaspace       used 61612K, committed 62976K, reserved 1114112K
  class space    used 6322K, committed 6912K, reserved 1048576K
}
Event: 6.053 GC heap after
{Heap after GC invocations=55 (full 3):
 PSYoungGen      total 17408K, used 3565K [0x00000000eab00000, 0x00000000ec080000, 0x0000000100000000)
  eden space 13824K, 0% used [0x00000000eab00000,0x00000000eab00000,0x00000000eb880000)
  from space 3584K, 99% used [0x00000000ebd00000,0x00000000ec07b6c8,0x00000000ec080000)
  to   space 3584K, 0% used [0x00000000eb980000,0x00000000eb980000,0x00000000ebd00000)
 ParOldGen       total 104448K, used 104361K [0x00000000c0000000, 0x00000000c6600000, 0x00000000eab00000)
  object space 104448K, 99% used [0x00000000c0000000,0x00000000c65ea640,0x00000000c6600000)
 Metaspace       used 61612K, committed 62976K, reserved 1114112K
  class space    used 6322K, committed 6912K, reserved 1048576K
}

