# JRE version: OpenJDK Runtime Environment Temurin-21.0.6+7 (21.0.6+7) (build 21.0.6+7-LTS)
# Java VM: OpenJDK 64-Bit Server VM Temurin-21.0.6+7 (21.0.6+7-LTS, mixed mode, sharing, tiered, compressed oops, compressed class ptrs, parallel gc, windows-amd64)
GC Precious Log:
 CardTable entry size: 512
 CPUs: 24 total, 24 available
 Memory: 16103M
 Large Page Support: Disabled
 NUMA Support: Disabled
 Compressed Oops: Enabled (32-bit)
 Alignments: Space 512K, Generation 512K, Heap 2M
 Heap Min Capacity: 100M
 Heap Initial Capacity: 100M
 Heap Max Capacity: 1G
 Pre-touch: Disabled
 Parallel Workers: 18
Heap:
 PSYoungGen      total 4608K, used 4560K [0x00000000eab00000, 0x00000000eb100000, 0x0000000100000000)
  eden space 3584K, 100% used [0x00000000eab00000,0x00000000eae80000,0x00000000eae80000)
  from space 1024K, 95% used [0x00000000eb000000,0x00000000eb0f42f8,0x00000000eb100000)
  to   space 1024K, 99% used [0x00000000eaf00000,0x00000000eaffdec8,0x00000000eb000000)
 ParOldGen       total 249344K, used 249016K [0x00000000c0000000, 0x00000000cf380000, 0x00000000eab00000)
  object space 249344K, 99% used [0x00000000c0000000,0x00000000cf32e0b8,0x00000000cf380000)
 Metaspace       used 61007K, committed 62208K, reserved 1114112K
  class space    used 6238K, committed 6784K, reserved 1048576K
GC Heap History (20 events):
Event: 5.117 GC heap after
{Heap after GC invocations=255 (full 3):
 PSYoungGen      total 5120K, used 1147K [0x00000000eab00000, 0x00000000eb180000, 0x0000000100000000)
  eden space 3584K, 0% used [0x00000000eab00000,0x00000000eab00000,0x00000000eae80000)
  from space 1536K, 74% used [0x00000000eb000000,0x00000000eb11eff8,0x00000000eb180000)
  to   space 1536K, 0% used [0x00000000eae80000,0x00000000eae80000,0x00000000eb000000)
 ParOldGen       total 242176K, used 241732K [0x00000000c0000000, 0x00000000cec80000, 0x00000000eab00000)
  object space 242176K, 99% used [0x00000000c0000000,0x00000000cec11138,0x00000000cec80000)
 Metaspace       used 60737K, committed 61952K, reserved 1114112K
  class space    used 6209K, committed 6784K, reserved 1048576K
}
Event: 5.125 GC heap before
{Heap before GC invocations=256 (full 3):
 PSYoungGen      total 5120K, used 4731K [0x00000000eab00000, 0x00000000eb180000, 0x0000000100000000)
  eden space 3584K, 100% used [0x00000000eab00000,0x00000000eae80000,0x00000000eae80000)
  from space 1536K, 74% used [0x00000000eb000000,0x00000000eb11eff8,0x00000000eb180000)
  to   space 1536K, 0% used [0x00000000eae80000,0x00000000eae80000,0x00000000eb000000)
 ParOldGen       total 242176K, used 241732K [0x00000000c0000000, 0x00000000cec80000, 0x00000000eab00000)
  object space 242176K, 99% used [0x00000000c0000000,0x00000000cec11138,0x00000000cec80000)
 Metaspace       used 60846K, committed 62080K, reserved 1114112K
  class space    used 6219K, committed 6784K, reserved 1048576K
}
Event: 5.126 GC heap after
{Heap after GC invocations=256 (full 3):
 PSYoungGen      total 5120K, used 981K [0x00000000eab00000, 0x00000000eb180000, 0x0000000100000000)
  eden space 3584K, 0% used [0x00000000eab00000,0x00000000eab00000,0x00000000eae80000)
  from space 1536K, 63% used [0x00000000eae80000,0x00000000eaf75580,0x00000000eb000000)
  to   space 1536K, 0% used [0x00000000eb000000,0x00000000eb000000,0x00000000eb180000)
 ParOldGen       total 242688K, used 242566K [0x00000000c0000000, 0x00000000ced00000, 0x00000000eab00000)
  object space 242688K, 99% used [0x00000000c0000000,0x00000000cece1a90,0x00000000ced00000)
 Metaspace       used 60846K, committed 62080K, reserved 1114112K
  class space    used 6219K, committed 6784K, reserved 1048576K
}
Event: 5.133 GC heap before
{Heap before GC invocations=257 (full 3):
 PSYoungGen      total 5120K, used 4565K [0x00000000eab00000, 0x00000000eb180000, 0x0000000100000000)
  eden space 3584K, 100% used [0x00000000eab00000,0x00000000eae80000,0x00000000eae80000)
  from space 1536K, 63% used [0x00000000eae80000,0x00000000eaf75580,0x00000000eb000000)
  to   space 1536K, 0% used [0x00000000eb000000,0x00000000eb000000,0x00000000eb180000)
 ParOldGen       total 242688K, used 242566K [0x00000000c0000000, 0x00000000ced00000, 0x00000000eab00000)
  object space 242688K, 99% used [0x00000000c0000000,0x00000000cece1a90,0x00000000ced00000)
 Metaspace       used 60905K, committed 62144K, reserved 1114112K
  class space    used 6223K, committed 6784K, reserved 1048576K
}
Event: 5.134 GC heap after
{Heap after GC invocations=257 (full 3):
 PSYoungGen      total 5120K, used 1100K [0x00000000eab00000, 0x00000000eb180000, 0x0000000100000000)
  eden space 3584K, 0% used [0x00000000eab00000,0x00000000eab00000,0x00000000eae80000)
  from space 1536K, 71% used [0x00000000eb000000,0x00000000eb1131f8,0x00000000eb180000)
  to   space 1536K, 0% used [0x00000000eae80000,0x00000000eae80000,0x00000000eb000000)
 ParOldGen       total 243712K, used 243343K [0x00000000c0000000, 0x00000000cee00000, 0x00000000eab00000)
  object space 243712K, 99% used [0x00000000c0000000,0x00000000ceda3c58,0x00000000cee00000)
 Metaspace       used 60905K, committed 62144K, reserved 1114112K
  class space    used 6223K, committed 6784K, reserved 1048576K
}
Event: 5.142 GC heap before
{Heap before GC invocations=258 (full 3):
 PSYoungGen      total 5120K, used 4684K [0x00000000eab00000, 0x00000000eb180000, 0x0000000100000000)
  eden space 3584K, 100% used [0x00000000eab00000,0x00000000eae80000,0x00000000eae80000)
  from space 1536K, 71% used [0x00000000eb000000,0x00000000eb1131f8,0x00000000eb180000)
  to   space 1536K, 0% used [0x00000000eae80000,0x00000000eae80000,0x00000000eb000000)
 ParOldGen       total 243712K, used 243343K [0x00000000c0000000, 0x00000000cee00000, 0x00000000eab00000)
  object space 243712K, 99% used [0x00000000c0000000,0x00000000ceda3c58,0x00000000cee00000)
 Metaspace       used 60933K, committed 62144K, reserved 1114112K
  class space    used 6223K, committed 6784K, reserved 1048576K
}
Event: 5.143 GC heap after
{Heap after GC invocations=258 (full 3):
 PSYoungGen      total 5120K, used 1004K [0x00000000eab00000, 0x00000000eb180000, 0x0000000100000000)
  eden space 3584K, 0% used [0x00000000eab00000,0x00000000eab00000,0x00000000eae80000)
  from space 1536K, 65% used [0x00000000eae80000,0x00000000eaf7b100,0x00000000eb000000)
  to   space 1536K, 0% used [0x00000000eb000000,0x00000000eb000000,0x00000000eb180000)
 ParOldGen       total 244224K, used 244198K [0x00000000c0000000, 0x00000000cee80000, 0x00000000eab00000)
  object space 244224K, 99% used [0x00000000c0000000,0x00000000cee79a28,0x00000000cee80000)
 Metaspace       used 60933K, committed 62144K, reserved 1114112K
  class space    used 6223K, committed 6784K, reserved 1048576K
}
Event: 5.149 GC heap before
{Heap before GC invocations=259 (full 3):
 PSYoungGen      total 5120K, used 4588K [0x00000000eab00000, 0x00000000eb180000, 0x0000000100000000)
  eden space 3584K, 100% used [0x00000000eab00000,0x00000000eae80000,0x00000000eae80000)
  from space 1536K, 65% used [0x00000000eae80000,0x00000000eaf7b100,0x00000000eb000000)
  to   space 1536K, 0% used [0x00000000eb000000,0x00000000eb000000,0x00000000eb180000)
 ParOldGen       total 244224K, used 244198K [0x00000000c0000000, 0x00000000cee80000, 0x00000000eab00000)
  object space 244224K, 99% used [0x00000000c0000000,0x00000000cee79a28,0x00000000cee80000)
 Metaspace       used 60950K, committed 62208K, reserved 1114112K
  class space    used 6224K, committed 6784K, reserved 1048576K
}
Event: 5.150 GC heap after
{Heap after GC invocations=259 (full 3):
 PSYoungGen      total 5120K, used 1042K [0x00000000eab00000, 0x00000000eb180000, 0x0000000100000000)
  eden space 3584K, 0% used [0x00000000eab00000,0x00000000eab00000,0x00000000eae80000)
  from space 1536K, 67% used [0x00000000eb000000,0x00000000eb1048b8,0x00000000eb180000)
  to   space 1536K, 0% used [0x00000000eae80000,0x00000000eae80000,0x00000000eb000000)
 ParOldGen       total 245248K, used 244927K [0x00000000c0000000, 0x00000000cef80000, 0x00000000eab00000)
  object space 245248K, 99% used [0x00000000c0000000,0x00000000cef2fff0,0x00000000cef80000)
 Metaspace       used 60950K, committed 62208K, reserved 1114112K
  class space    used 6224K, committed 6784K, reserved 1048576K
}
Event: 5.156 GC heap before
{Heap before GC invocations=260 (full 3):
 PSYoungGen      total 5120K, used 4626K [0x00000000eab00000, 0x00000000eb180000, 0x0000000100000000)
  eden space 3584K, 100% used [0x00000000eab00000,0x00000000eae80000,0x00000000eae80000)
  from space 1536K, 67% used [0x00000000eb000000,0x00000000eb1048b8,0x00000000eb180000)
  to   space 1536K, 0% used [0x00000000eae80000,0x00000000eae80000,0x00000000eb000000)
 ParOldGen       total 245248K, used 244927K [0x00000000c0000000, 0x00000000cef80000, 0x00000000eab00000)
  object space 245248K, 99% used [0x00000000c0000000,0x00000000cef2fff0,0x00000000cef80000)
 Metaspace       used 60950K, committed 62208K, reserved 1114112K
  class space    used 6224K, committed 6784K, reserved 1048576K
}
Event: 5.157 GC heap after
{Heap after GC invocations=260 (full 3):
 PSYoungGen      total 5120K, used 1131K [0x00000000eab00000, 0x00000000eb180000, 0x0000000100000000)
  eden space 3584K, 0% used [0x00000000eab00000,0x00000000eab00000,0x00000000eae80000)
  from space 1536K, 73% used [0x00000000eae80000,0x00000000eaf9ac70,0x00000000eb000000)
  to   space 1536K, 0% used [0x00000000eb000000,0x00000000eb000000,0x00000000eb180000)
 ParOldGen       total 245760K, used 245724K [0x00000000c0000000, 0x00000000cf000000, 0x00000000eab00000)
  object space 245760K, 99% used [0x00000000c0000000,0x00000000ceff7130,0x00000000cf000000)
 Metaspace       used 60950K, committed 62208K, reserved 1114112K
  class space    used 6224K, committed 6784K, reserved 1048576K
}
Event: 5.163 GC heap before
{Heap before GC invocations=261 (full 3):
 PSYoungGen      total 5120K, used 4715K [0x00000000eab00000, 0x00000000eb180000, 0x0000000100000000)
  eden space 3584K, 100% used [0x00000000eab00000,0x00000000eae80000,0x00000000eae80000)
  from space 1536K, 73% used [0x00000000eae80000,0x00000000eaf9ac70,0x00000000eb000000)
  to   space 1536K, 0% used [0x00000000eb000000,0x00000000eb000000,0x00000000eb180000)
 ParOldGen       total 245760K, used 245724K [0x00000000c0000000, 0x00000000cf000000, 0x00000000eab00000)
  object space 245760K, 99% used [0x00000000c0000000,0x00000000ceff7130,0x00000000cf000000)
 Metaspace       used 60970K, committed 62208K, reserved 1114112K
  class space    used 6231K, committed 6784K, reserved 1048576K
}
Event: 5.164 GC heap after
{Heap after GC invocations=261 (full 3):
 PSYoungGen      total 5120K, used 1144K [0x00000000eab00000, 0x00000000eb180000, 0x0000000100000000)
  eden space 3584K, 0% used [0x00000000eab00000,0x00000000eab00000,0x00000000eae80000)
  from space 1536K, 74% used [0x00000000eb000000,0x00000000eb11e340,0x00000000eb180000)
  to   space 1536K, 0% used [0x00000000eae80000,0x00000000eae80000,0x00000000eb000000)
 ParOldGen       total 246784K, used 246582K [0x00000000c0000000, 0x00000000cf100000, 0x00000000eab00000)
  object space 246784K, 99% used [0x00000000c0000000,0x00000000cf0cda20,0x00000000cf100000)
 Metaspace       used 60970K, committed 62208K, reserved 1114112K
  class space    used 6231K, committed 6784K, reserved 1048576K
}
Event: 5.172 GC heap before
{Heap before GC invocations=262 (full 3):
 PSYoungGen      total 5120K, used 4728K [0x00000000eab00000, 0x00000000eb180000, 0x0000000100000000)
  eden space 3584K, 100% used [0x00000000eab00000,0x00000000eae80000,0x00000000eae80000)
  from space 1536K, 74% used [0x00000000eb000000,0x00000000eb11e340,0x00000000eb180000)
  to   space 1536K, 0% used [0x00000000eae80000,0x00000000eae80000,0x00000000eb000000)
 ParOldGen       total 246784K, used 246582K [0x00000000c0000000, 0x00000000cf100000, 0x00000000eab00000)
  object space 246784K, 99% used [0x00000000c0000000,0x00000000cf0cda20,0x00000000cf100000)
 Metaspace       used 60982K, committed 62208K, reserved 1114112K
  class space    used 6234K, committed 6784K, reserved 1048576K
}
Event: 5.173 GC heap after
{Heap after GC invocations=262 (full 3):
 PSYoungGen      total 5120K, used 1045K [0x00000000eab00000, 0x00000000eb180000, 0x0000000100000000)
  eden space 3584K, 0% used [0x00000000eab00000,0x00000000eab00000,0x00000000eae80000)
  from space 1536K, 68% used [0x00000000eae80000,0x00000000eaf854a0,0x00000000eb000000)
  to   space 1536K, 0% used [0x00000000eb000000,0x00000000eb000000,0x00000000eb180000)
 ParOldGen       total 247808K, used 247480K [0x00000000c0000000, 0x00000000cf200000, 0x00000000eab00000)
  object space 247808K, 99% used [0x00000000c0000000,0x00000000cf1ae3b0,0x00000000cf200000)
 Metaspace       used 60982K, committed 62208K, reserved 1114112K
  class space    used 6234K, committed 6784K, reserved 1048576K
}
Event: 5.180 GC heap before
{Heap before GC invocations=263 (full 3):
 PSYoungGen      total 5120K, used 4629K [0x00000000eab00000, 0x00000000eb180000, 0x0000000100000000)
  eden space 3584K, 100% used [0x00000000eab00000,0x00000000eae80000,0x00000000eae80000)
  from space 1536K, 68% used [0x00000000eae80000,0x00000000eaf854a0,0x00000000eb000000)
  to   space 1536K, 0% used [0x00000000eb000000,0x00000000eb000000,0x00000000eb180000)
 ParOldGen       total 247808K, used 247480K [0x00000000c0000000, 0x00000000cf200000, 0x00000000eab00000)
  object space 247808K, 99% used [0x00000000c0000000,0x00000000cf1ae3b0,0x00000000cf200000)
 Metaspace       used 60982K, committed 62208K, reserved 1114112K
  class space    used 6234K, committed 6784K, reserved 1048576K
}
Event: 5.181 GC heap after
{Heap after GC invocations=263 (full 3):
 PSYoungGen      total 4608K, used 976K [0x00000000eab00000, 0x00000000eb100000, 0x0000000100000000)
  eden space 3584K, 0% used [0x00000000eab00000,0x00000000eab00000,0x00000000eae80000)
  from space 1024K, 95% used [0x00000000eb000000,0x00000000eb0f42f8,0x00000000eb100000)
  to   space 1024K, 0% used [0x00000000eaf00000,0x00000000eaf00000,0x00000000eb000000)
 ParOldGen       total 248320K, used 248312K [0x00000000c0000000, 0x00000000cf280000, 0x00000000eab00000)
  object space 248320K, 99% used [0x00000000c0000000,0x00000000cf27e0b0,0x00000000cf280000)
 Metaspace       used 60982K, committed 62208K, reserved 1114112K
  class space    used 6234K, committed 6784K, reserved 1048576K
}
Event: 5.188 GC heap before
{Heap before GC invocations=264 (full 3):
 PSYoungGen      total 4608K, used 4560K [0x00000000eab00000, 0x00000000eb100000, 0x0000000100000000)
  eden space 3584K, 100% used [0x00000000eab00000,0x00000000eae80000,0x00000000eae80000)
  from space 1024K, 95% used [0x00000000eb000000,0x00000000eb0f42f8,0x00000000eb100000)
  to   space 1024K, 0% used [0x00000000eaf00000,0x00000000eaf00000,0x00000000eb000000)
 ParOldGen       total 248320K, used 248312K [0x00000000c0000000, 0x00000000cf280000, 0x00000000eab00000)
  object space 248320K, 99% used [0x00000000c0000000,0x00000000cf27e0b0,0x00000000cf280000)
 Metaspace       used 61007K, committed 62208K, reserved 1114112K
  class space    used 6238K, committed 6784K, reserved 1048576K
}
Event: 5.189 GC heap after
{Heap after GC invocations=264 (full 3):
 PSYoungGen      total 4608K, used 4560K [0x00000000eab00000, 0x00000000eb100000, 0x0000000100000000)
  eden space 3584K, 100% used [0x00000000eab00000,0x00000000eae80000,0x00000000eae80000)
  from space 1024K, 95% used [0x00000000eb000000,0x00000000eb0f42f8,0x00000000eb100000)
  to   space 1024K, 99% used [0x00000000eaf00000,0x00000000eaffdec8,0x00000000eb000000)
 ParOldGen       total 249344K, used 249016K [0x00000000c0000000, 0x00000000cf380000, 0x00000000eab00000)
  object space 249344K, 99% used [0x00000000c0000000,0x00000000cf32e0b8,0x00000000cf380000)
 Metaspace       used 61007K, committed 62208K, reserved 1114112K
  class space    used 6238K, committed 6784K, reserved 1048576K
}
Event: 5.189 GC heap before
{Heap before GC invocations=265 (full 4):
 PSYoungGen      total 4608K, used 4560K [0x00000000eab00000, 0x00000000eb100000, 0x0000000100000000)
  eden space 3584K, 100% used [0x00000000eab00000,0x00000000eae80000,0x00000000eae80000)
  from space 1024K, 95% used [0x00000000eb000000,0x00000000eb0f42f8,0x00000000eb100000)
  to   space 1024K, 99% used [0x00000000eaf00000,0x00000000eaffdec8,0x00000000eb000000)
 ParOldGen       total 249344K, used 249016K [0x00000000c0000000, 0x00000000cf380000, 0x00000000eab00000)
  object space 249344K, 99% used [0x00000000c0000000,0x00000000cf32e0b8,0x00000000cf380000)
 Metaspace       used 61007K, committed 62208K, reserved 1114112K
  class space    used 6238K, committed 6784K, reserved 1048576K
}

