# JRE version: OpenJDK Runtime Environment Temurin-21.0.6+7 (21.0.6+7) (build 21.0.6+7-LTS)
# Java VM: OpenJDK 64-Bit Server VM Temurin-21.0.6+7 (21.0.6+7-LTS, mixed mode, sharing, tiered, compressed oops, compressed class ptrs, parallel gc, windows-amd64)
GC Precious Log:
 CardTable entry size: 512
 CPUs: 24 total, 24 available
 Memory: 16103M
 Large Page Support: Disabled
 NUMA Support: Disabled
 Compressed Oops: Enabled (32-bit)
 Alignments: Space 512K, Generation 512K, Heap 2M
 Heap Min Capacity: 100M
 Heap Initial Capacity: 100M
 Heap Max Capacity: 1G
 Pre-touch: Disabled
 Parallel Workers: 18
Heap:
 PSYoungGen      total 33280K, used 33263K [0x00000000eab00000, 0x00000000edf00000, 0x0000000100000000)
  eden space 13312K, 100% used [0x00000000eab00000,0x00000000eb800000,0x00000000eb800000)
  from space 19968K, 99% used [0x00000000ecb80000,0x00000000edefbe58,0x00000000edf00000)
  to   space 18944K, 99% used [0x00000000eb880000,0x00000000ecaf8170,0x00000000ecb00000)
 ParOldGen       total 345600K, used 345592K [0x00000000c0000000, 0x00000000d5180000, 0x00000000eab00000)
  object space 345600K, 99% used [0x00000000c0000000,0x00000000d517e3e0,0x00000000d5180000)
 Metaspace       used 62372K, committed 63808K, reserved 1114112K
  class space    used 6390K, committed 7040K, reserved 1048576K
GC Heap History (20 events):
Event: 7.796 GC heap after
{Heap after GC invocations=293 (full 4):
 PSYoungGen      total 24064K, used 14329K [0x00000000eab00000, 0x00000000ed980000, 0x0000000100000000)
  eden space 9728K, 0% used [0x00000000eab00000,0x00000000eab00000,0x00000000eb480000)
  from space 14336K, 99% used [0x00000000eb480000,0x00000000ec27e558,0x00000000ec280000)
  to   space 18432K, 0% used [0x00000000ec780000,0x00000000ec780000,0x00000000ed980000)
 ParOldGen       total 279040K, used 278865K [0x00000000c0000000, 0x00000000d1080000, 0x00000000eab00000)
  object space 279040K, 99% used [0x00000000c0000000,0x00000000d1054520,0x00000000d1080000)
 Metaspace       used 61295K, committed 62656K, reserved 1114112K
  class space    used 6276K, committed 6848K, reserved 1048576K
}
Event: 7.802 GC heap before
{Heap before GC invocations=294 (full 4):
 PSYoungGen      total 24064K, used 24057K [0x00000000eab00000, 0x00000000ed980000, 0x0000000100000000)
  eden space 9728K, 100% used [0x00000000eab00000,0x00000000eb480000,0x00000000eb480000)
  from space 14336K, 99% used [0x00000000eb480000,0x00000000ec27e558,0x00000000ec280000)
  to   space 18432K, 0% used [0x00000000ec780000,0x00000000ec780000,0x00000000ed980000)
 ParOldGen       total 279040K, used 278865K [0x00000000c0000000, 0x00000000d1080000, 0x00000000eab00000)
  object space 279040K, 99% used [0x00000000c0000000,0x00000000d1054520,0x00000000d1080000)
 Metaspace       used 61295K, committed 62656K, reserved 1114112K
  class space    used 6276K, committed 6848K, reserved 1048576K
}
Event: 7.805 GC heap after
{Heap after GC invocations=294 (full 4):
 PSYoungGen      total 28160K, used 17246K [0x00000000eab00000, 0x00000000ed880000, 0x0000000100000000)
  eden space 10752K, 0% used [0x00000000eab00000,0x00000000eab00000,0x00000000eb580000)
  from space 17408K, 99% used [0x00000000ec780000,0x00000000ed857a78,0x00000000ed880000)
  to   space 17408K, 0% used [0x00000000eb680000,0x00000000eb680000,0x00000000ec780000)
 ParOldGen       total 280576K, used 280275K [0x00000000c0000000, 0x00000000d1200000, 0x00000000eab00000)
  object space 280576K, 99% used [0x00000000c0000000,0x00000000d11b4c30,0x00000000d1200000)
 Metaspace       used 61295K, committed 62656K, reserved 1114112K
  class space    used 6276K, committed 6848K, reserved 1048576K
}
Event: 7.828 GC heap before
{Heap before GC invocations=295 (full 4):
 PSYoungGen      total 28160K, used 27998K [0x00000000eab00000, 0x00000000ed880000, 0x0000000100000000)
  eden space 10752K, 100% used [0x00000000eab00000,0x00000000eb580000,0x00000000eb580000)
  from space 17408K, 99% used [0x00000000ec780000,0x00000000ed857a78,0x00000000ed880000)
  to   space 17408K, 0% used [0x00000000eb680000,0x00000000eb680000,0x00000000ec780000)
 ParOldGen       total 280576K, used 280275K [0x00000000c0000000, 0x00000000d1200000, 0x00000000eab00000)
  object space 280576K, 99% used [0x00000000c0000000,0x00000000d11b4c30,0x00000000d1200000)
 Metaspace       used 61481K, committed 62912K, reserved 1114112K
  class space    used 6293K, committed 6912K, reserved 1048576K
}
Event: 7.830 GC heap after
{Heap after GC invocations=295 (full 4):
 PSYoungGen      total 29184K, used 17398K [0x00000000eab00000, 0x00000000edd80000, 0x0000000100000000)
  eden space 11776K, 0% used [0x00000000eab00000,0x00000000eab00000,0x00000000eb680000)
  from space 17408K, 99% used [0x00000000eb680000,0x00000000ec77d820,0x00000000ec780000)
  to   space 19968K, 0% used [0x00000000eca00000,0x00000000eca00000,0x00000000edd80000)
 ParOldGen       total 282624K, used 282431K [0x00000000c0000000, 0x00000000d1400000, 0x00000000eab00000)
  object space 282624K, 99% used [0x00000000c0000000,0x00000000d13cfcd8,0x00000000d1400000)
 Metaspace       used 61481K, committed 62912K, reserved 1114112K
  class space    used 6293K, committed 6912K, reserved 1048576K
}
Event: 7.875 GC heap before
{Heap before GC invocations=296 (full 4):
 PSYoungGen      total 29184K, used 29174K [0x00000000eab00000, 0x00000000edd80000, 0x0000000100000000)
  eden space 11776K, 100% used [0x00000000eab00000,0x00000000eb680000,0x00000000eb680000)
  from space 17408K, 99% used [0x00000000eb680000,0x00000000ec77d820,0x00000000ec780000)
  to   space 19968K, 0% used [0x00000000eca00000,0x00000000eca00000,0x00000000edd80000)
 ParOldGen       total 282624K, used 282431K [0x00000000c0000000, 0x00000000d1400000, 0x00000000eab00000)
  object space 282624K, 99% used [0x00000000c0000000,0x00000000d13cfcd8,0x00000000d1400000)
 Metaspace       used 61815K, committed 63168K, reserved 1114112K
  class space    used 6331K, committed 6912K, reserved 1048576K
}
Event: 7.878 GC heap after
{Heap after GC invocations=296 (full 4):
 PSYoungGen      total 31744K, used 19438K [0x00000000eab00000, 0x00000000ede80000, 0x0000000100000000)
  eden space 11776K, 0% used [0x00000000eab00000,0x00000000eab00000,0x00000000eb680000)
  from space 19968K, 97% used [0x00000000eca00000,0x00000000edcfb800,0x00000000edd80000)
  to   space 19968K, 0% used [0x00000000eb680000,0x00000000eb680000,0x00000000eca00000)
 ParOldGen       total 286208K, used 285520K [0x00000000c0000000, 0x00000000d1780000, 0x00000000eab00000)
  object space 286208K, 99% used [0x00000000c0000000,0x00000000d16d4110,0x00000000d1780000)
 Metaspace       used 61815K, committed 63168K, reserved 1114112K
  class space    used 6331K, committed 6912K, reserved 1048576K
}
Event: 7.907 GC heap before
{Heap before GC invocations=297 (full 4):
 PSYoungGen      total 31744K, used 31214K [0x00000000eab00000, 0x00000000ede80000, 0x0000000100000000)
  eden space 11776K, 100% used [0x00000000eab00000,0x00000000eb680000,0x00000000eb680000)
  from space 19968K, 97% used [0x00000000eca00000,0x00000000edcfb800,0x00000000edd80000)
  to   space 19968K, 0% used [0x00000000eb680000,0x00000000eb680000,0x00000000eca00000)
 ParOldGen       total 286208K, used 285520K [0x00000000c0000000, 0x00000000d1780000, 0x00000000eab00000)
  object space 286208K, 99% used [0x00000000c0000000,0x00000000d16d4110,0x00000000d1780000)
 Metaspace       used 62129K, committed 63552K, reserved 1114112K
  class space    used 6372K, committed 6976K, reserved 1048576K
}
Event: 7.909 GC heap after
{Heap after GC invocations=297 (full 4):
 PSYoungGen      total 29696K, used 17524K [0x00000000eab00000, 0x00000000edb80000, 0x0000000100000000)
  eden space 11776K, 0% used [0x00000000eab00000,0x00000000eab00000,0x00000000eb680000)
  from space 17920K, 97% used [0x00000000eb680000,0x00000000ec79d300,0x00000000ec800000)
  to   space 18432K, 0% used [0x00000000ec980000,0x00000000ec980000,0x00000000edb80000)
 ParOldGen       total 286208K, used 285520K [0x00000000c0000000, 0x00000000d1780000, 0x00000000eab00000)
  object space 286208K, 99% used [0x00000000c0000000,0x00000000d16d4110,0x00000000d1780000)
 Metaspace       used 62129K, committed 63552K, reserved 1114112K
  class space    used 6372K, committed 6976K, reserved 1048576K
}
Event: 7.937 GC heap before
{Heap before GC invocations=298 (full 4):
 PSYoungGen      total 29696K, used 29300K [0x00000000eab00000, 0x00000000edb80000, 0x0000000100000000)
  eden space 11776K, 100% used [0x00000000eab00000,0x00000000eb680000,0x00000000eb680000)
  from space 17920K, 97% used [0x00000000eb680000,0x00000000ec79d300,0x00000000ec800000)
  to   space 18432K, 0% used [0x00000000ec980000,0x00000000ec980000,0x00000000edb80000)
 ParOldGen       total 286208K, used 285520K [0x00000000c0000000, 0x00000000d1780000, 0x00000000eab00000)
  object space 286208K, 99% used [0x00000000c0000000,0x00000000d16d4110,0x00000000d1780000)
 Metaspace       used 62357K, committed 63808K, reserved 1114112K
  class space    used 6388K, committed 7040K, reserved 1048576K
}
Event: 7.939 GC heap after
{Heap after GC invocations=298 (full 4):
 PSYoungGen      total 28672K, used 18430K [0x00000000eab00000, 0x00000000ee080000, 0x0000000100000000)
  eden space 10240K, 0% used [0x00000000eab00000,0x00000000eab00000,0x00000000eb500000)
  from space 18432K, 99% used [0x00000000ec980000,0x00000000edb7f900,0x00000000edb80000)
  to   space 20992K, 0% used [0x00000000eb500000,0x00000000eb500000,0x00000000ec980000)
 ParOldGen       total 287232K, used 287129K [0x00000000c0000000, 0x00000000d1880000, 0x00000000eab00000)
  object space 287232K, 99% used [0x00000000c0000000,0x00000000d1866740,0x00000000d1880000)
 Metaspace       used 62357K, committed 63808K, reserved 1114112K
  class space    used 6388K, committed 7040K, reserved 1048576K
}
Event: 7.953 GC heap before
{Heap before GC invocations=299 (full 4):
 PSYoungGen      total 28672K, used 28670K [0x00000000eab00000, 0x00000000ee080000, 0x0000000100000000)
  eden space 10240K, 100% used [0x00000000eab00000,0x00000000eb500000,0x00000000eb500000)
  from space 18432K, 99% used [0x00000000ec980000,0x00000000edb7f900,0x00000000edb80000)
  to   space 20992K, 0% used [0x00000000eb500000,0x00000000eb500000,0x00000000ec980000)
 ParOldGen       total 287232K, used 287129K [0x00000000c0000000, 0x00000000d1880000, 0x00000000eab00000)
  object space 287232K, 99% used [0x00000000c0000000,0x00000000d1866760,0x00000000d1880000)
 Metaspace       used 62364K, committed 63808K, reserved 1114112K
  class space    used 6389K, committed 7040K, reserved 1048576K
}
Event: 7.955 GC heap after
{Heap after GC invocations=299 (full 4):
 PSYoungGen      total 31232K, used 19439K [0x00000000eab00000, 0x00000000ede80000, 0x0000000100000000)
  eden space 10240K, 0% used [0x00000000eab00000,0x00000000eab00000,0x00000000eb500000)
  from space 20992K, 92% used [0x00000000eb500000,0x00000000ec7fbed8,0x00000000ec980000)
  to   space 19968K, 0% used [0x00000000ecb00000,0x00000000ecb00000,0x00000000ede80000)
 ParOldGen       total 289280K, used 289108K [0x00000000c0000000, 0x00000000d1a80000, 0x00000000eab00000)
  object space 289280K, 99% used [0x00000000c0000000,0x00000000d1a55128,0x00000000d1a80000)
 Metaspace       used 62364K, committed 63808K, reserved 1114112K
  class space    used 6389K, committed 7040K, reserved 1048576K
}
Event: 7.972 GC heap before
{Heap before GC invocations=300 (full 4):
 PSYoungGen      total 31232K, used 29679K [0x00000000eab00000, 0x00000000ede80000, 0x0000000100000000)
  eden space 10240K, 100% used [0x00000000eab00000,0x00000000eb500000,0x00000000eb500000)
  from space 20992K, 92% used [0x00000000eb500000,0x00000000ec7fbed8,0x00000000ec980000)
  to   space 19968K, 0% used [0x00000000ecb00000,0x00000000ecb00000,0x00000000ede80000)
 ParOldGen       total 296960K, used 296772K [0x00000000c0000000, 0x00000000d2200000, 0x00000000eab00000)
  object space 296960K, 99% used [0x00000000c0000000,0x00000000d21d1010,0x00000000d2200000)
 Metaspace       used 62365K, committed 63808K, reserved 1114112K
  class space    used 6389K, committed 7040K, reserved 1048576K
}
Event: 7.974 GC heap after
{Heap after GC invocations=300 (full 4):
 PSYoungGen      total 31744K, used 18506K [0x00000000eab00000, 0x00000000edd80000, 0x0000000100000000)
  eden space 12800K, 0% used [0x00000000eab00000,0x00000000eab00000,0x00000000eb780000)
  from space 18944K, 97% used [0x00000000ecb00000,0x00000000edd12a18,0x00000000edd80000)
  to   space 18944K, 0% used [0x00000000eb880000,0x00000000eb880000,0x00000000ecb00000)
 ParOldGen       total 296960K, used 296780K [0x00000000c0000000, 0x00000000d2200000, 0x00000000eab00000)
  object space 296960K, 99% used [0x00000000c0000000,0x00000000d21d3010,0x00000000d2200000)
 Metaspace       used 62365K, committed 63808K, reserved 1114112K
  class space    used 6389K, committed 7040K, reserved 1048576K
}
Event: 8.070 GC heap before
{Heap before GC invocations=301 (full 4):
 PSYoungGen      total 31744K, used 31306K [0x00000000eab00000, 0x00000000edd80000, 0x0000000100000000)
  eden space 12800K, 100% used [0x00000000eab00000,0x00000000eb780000,0x00000000eb780000)
  from space 18944K, 97% used [0x00000000ecb00000,0x00000000edd12a18,0x00000000edd80000)
  to   space 18944K, 0% used [0x00000000eb880000,0x00000000eb880000,0x00000000ecb00000)
 ParOldGen       total 334848K, used 334121K [0x00000000c0000000, 0x00000000d4700000, 0x00000000eab00000)
  object space 334848K, 99% used [0x00000000c0000000,0x00000000d464a4b0,0x00000000d4700000)
 Metaspace       used 62372K, committed 63808K, reserved 1114112K
  class space    used 6390K, committed 7040K, reserved 1048576K
}
Event: 8.075 GC heap after
{Heap after GC invocations=301 (full 4):
 PSYoungGen      total 32256K, used 18921K [0x00000000eab00000, 0x00000000edf00000, 0x0000000100000000)
  eden space 13312K, 0% used [0x00000000eab00000,0x00000000eab00000,0x00000000eb800000)
  from space 18944K, 99% used [0x00000000eb880000,0x00000000ecafa498,0x00000000ecb00000)
  to   space 19968K, 0% used [0x00000000ecb80000,0x00000000ecb80000,0x00000000edf00000)
 ParOldGen       total 334848K, used 334706K [0x00000000c0000000, 0x00000000d4700000, 0x00000000eab00000)
  object space 334848K, 99% used [0x00000000c0000000,0x00000000d46dc8f8,0x00000000d4700000)
 Metaspace       used 62372K, committed 63808K, reserved 1114112K
  class space    used 6390K, committed 7040K, reserved 1048576K
}
Event: 8.102 GC heap before
{Heap before GC invocations=302 (full 4):
 PSYoungGen      total 32256K, used 32233K [0x00000000eab00000, 0x00000000edf00000, 0x0000000100000000)
  eden space 13312K, 99% used [0x00000000eab00000,0x00000000eb7fffd8,0x00000000eb800000)
  from space 18944K, 99% used [0x00000000eb880000,0x00000000ecafa498,0x00000000ecb00000)
  to   space 19968K, 0% used [0x00000000ecb80000,0x00000000ecb80000,0x00000000edf00000)
 ParOldGen       total 334848K, used 334706K [0x00000000c0000000, 0x00000000d4700000, 0x00000000eab00000)
  object space 334848K, 99% used [0x00000000c0000000,0x00000000d46dc8f8,0x00000000d4700000)
 Metaspace       used 62372K, committed 63808K, reserved 1114112K
  class space    used 6390K, committed 7040K, reserved 1048576K
}
Event: 8.109 GC heap after
{Heap after GC invocations=302 (full 4):
 PSYoungGen      total 33280K, used 19951K [0x00000000eab00000, 0x00000000edf00000, 0x0000000100000000)
  eden space 13312K, 0% used [0x00000000eab00000,0x00000000eab00000,0x00000000eb800000)
  from space 19968K, 99% used [0x00000000ecb80000,0x00000000edefbe58,0x00000000edf00000)
  to   space 18944K, 0% used [0x00000000eb880000,0x00000000eb880000,0x00000000ecb00000)
 ParOldGen       total 340992K, used 340972K [0x00000000c0000000, 0x00000000d4d00000, 0x00000000eab00000)
  object space 340992K, 99% used [0x00000000c0000000,0x00000000d4cfb280,0x00000000d4d00000)
 Metaspace       used 62372K, committed 63808K, reserved 1114112K
  class space    used 6390K, committed 7040K, reserved 1048576K
}
Event: 8.129 GC heap before
{Heap before GC invocations=303 (full 4):
 PSYoungGen      total 33280K, used 33263K [0x00000000eab00000, 0x00000000edf00000, 0x0000000100000000)
  eden space 13312K, 100% used [0x00000000eab00000,0x00000000eb800000,0x00000000eb800000)
  from space 19968K, 99% used [0x00000000ecb80000,0x00000000edefbe58,0x00000000edf00000)
  to   space 18944K, 0% used [0x00000000eb880000,0x00000000eb880000,0x00000000ecb00000)
 ParOldGen       total 340992K, used 340972K [0x00000000c0000000, 0x00000000d4d00000, 0x00000000eab00000)
  object space 340992K, 99% used [0x00000000c0000000,0x00000000d4cfb280,0x00000000d4d00000)
 Metaspace       used 62372K, committed 63808K, reserved 1114112K
  class space    used 6390K, committed 7040K, reserved 1048576K
}

